tar: Removing leading `/' from member names
/home/Uriah/Projects/sysadmin_tool/
/home/Uriah/Projects/sysadmin_tool/backups/
/home/Uriah/Projects/sysadmin_tool/backups/nf.gz
/home/Uriah/Projects/sysadmin_tool/backups/test4.tar.gz
/home/Uriah/Projects/sysadmin_tool/backups/test1.tar.gz
/home/Uriah/Projects/sysadmin_tool/backups/test6.tar.gz
/home/Uriah/Projects/sysadmin_tool/backups/test5.tar.gz
/home/Uriah/Projects/sysadmin_tool/backups/test2.tar.gz
/home/Uriah/Projects/sysadmin_tool/backups/test.tar.gz
/home/Uriah/Projects/sysadmin_tool/backups/2026-05-14_21-08-33.tar.gz
/home/Uriah/Projects/sysadmin_tool/backups/test3.tar.gz
/home/Uriah/Projects/sysadmin_tool/rotate.sh
/home/Uriah/Projects/sysadmin_tool/config.env
/home/Uriah/Projects/sysadmin_tool/.rotate.sh.swp
/home/Uriah/Projects/sysadmin_tool/deployment.sh
/home/Uriah/Projects/sysadmin_tool/backup.sh
/home/Uriah/Projects/sysadmin_tool/rollback.sh
/home/Uriah/Projects/sysadmin_tool/logs/
/home/Uriah/Projects/sysadmin_tool/logs/tarlog_2026-05-14_21-08-33.log
tar: /home/Uriah/Projects/sysadmin_tool/logs/tarlog_2026-05-14_21-08-33.log: file changed as we read it
/home/Uriah/Projects/sysadmin_tool/README.md
